2025-04-04 10:42:18.859407 - Received CBT.V508.FILE497.PDS from FILE497.XMI 
2025-04-04 10:42:18.861442 - Found $$$$$DOC.txt (text/plain) in CBT.V508.FILE497.PDS, moved to PDS/$$$$$DOC
2025-04-04 10:42:18.862068 - Found $$$#DATE.txt (text/plain) in CBT.V508.FILE497.PDS, moved to PDS/$$$#DATE
2025-04-04 10:42:18.862273 - Found $$NOTE.txt (text/plain) in CBT.V508.FILE497.PDS, moved to PDS/$$NOTE
2025-04-04 10:42:18.862414 - Found @FILE497.txt (text/plain) in CBT.V508.FILE497.PDS, moved to PDS/@FILE497
2025-04-04 10:42:18.862550 - Found BIDI.txt (text/plain) in CBT.V508.FILE497.PDS, moved to PDS/BIDI
2025-04-04 10:42:18.862683 - Found BIPA.txt (text/plain) in CBT.V508.FILE497.PDS, moved to PDS/BIPA
2025-04-04 10:42:18.862818 - Found CSVLJOBS.txt (text/plain) in CBT.V508.FILE497.PDS, moved to PDS/CSVLJOBS
2025-04-04 10:42:18.862939 - Found CSVLLACC.jcl (text/plain) in CBT.V508.FILE497.PDS, moved to PDS/CSVLLACC
2025-04-04 10:42:18.863066 - Found CSVLLACJ.jcl (text/plain) in CBT.V508.FILE497.PDS, moved to PDS/CSVLLACJ
2025-04-04 10:42:18.863189 - Found CSVLLACT.txt (text/plain) in CBT.V508.FILE497.PDS, moved to PDS/CSVLLACT
2025-04-04 10:42:18.863316 - Found CSVLLAL1.txt (text/plain) in CBT.V508.FILE497.PDS, moved to PDS/CSVLLAL1
2025-04-04 10:42:18.863439 - Found CSVLLAOF.txt (text/plain) in CBT.V508.FILE497.PDS, moved to PDS/CSVLLAOF
2025-04-04 10:42:18.863564 - Found CSVLLAON.txt (text/plain) in CBT.V508.FILE497.PDS, moved to PDS/CSVLLAON
2025-04-04 10:42:18.863698 - Found CSVLLDEA.txt (text/plain) in CBT.V508.FILE497.PDS, moved to PDS/CSVLLDEA
2025-04-04 10:42:18.863824 - Found CSVLLDEC.jcl (text/plain) in CBT.V508.FILE497.PDS, moved to PDS/CSVLLDEC
2025-04-04 10:42:18.863939 - Found CSVLLDEJ.jcl (text/plain) in CBT.V508.FILE497.PDS, moved to PDS/CSVLLDEJ
2025-04-04 10:42:18.864064 - Found CSVLLIXC.jcl (text/plain) in CBT.V508.FILE497.PDS, moved to PDS/CSVLLIXC
2025-04-04 10:42:18.864210 - Found CSVLLIX1.txt (text/plain) in CBT.V508.FILE497.PDS, moved to PDS/CSVLLIX1
2025-04-04 10:42:18.864333 - Found CSVLLLSC.jcl (text/plain) in CBT.V508.FILE497.PDS, moved to PDS/CSVLLLSC
2025-04-04 10:42:18.864453 - Found CSVLLLSJ.jcl (text/plain) in CBT.V508.FILE497.PDS, moved to PDS/CSVLLLSJ
2025-04-04 10:42:18.864628 - Found CSVLLLST.txt (text/plain) in CBT.V508.FILE497.PDS, moved to PDS/CSVLLLST
2025-04-04 10:42:18.864767 - Found CSVLL1XC.jcl (text/plain) in CBT.V508.FILE497.PDS, moved to PDS/CSVLL1XC
2025-04-04 10:42:18.864896 - Found CSVLL1XJ.jcl (text/plain) in CBT.V508.FILE497.PDS, moved to PDS/CSVLL1XJ
2025-04-04 10:42:18.865027 - Found CSVLL1X1.txt (text/plain) in CBT.V508.FILE497.PDS, moved to PDS/CSVLL1X1
2025-04-04 10:42:18.865168 - Found CSVLPGMS.txt (text/plain) in CBT.V508.FILE497.PDS, moved to PDS/CSVLPGMS
2025-04-04 10:42:18.865287 - Found CSVOUT.txt (text/plain) in CBT.V508.FILE497.PDS, moved to PDS/CSVOUT
2025-04-04 10:42:18.865404 - Found EXDI.txt (text/plain) in CBT.V508.FILE497.PDS, moved to PDS/EXDI
2025-04-04 10:42:18.865526 - Found J.jcl (text/plain) in CBT.V508.FILE497.PDS, moved to PDS/J
2025-04-04 10:42:18.865650 - Found OP.txt (text/plain) in CBT.V508.FILE497.PDS, moved to PDS/OP
2025-04-04 10:42:18.865777 - Found OPD.txt (text/plain) in CBT.V508.FILE497.PDS, moved to PDS/OPD
2025-04-04 10:42:18.865896 - Found PADI.txt (text/plain) in CBT.V508.FILE497.PDS, moved to PDS/PADI
2025-04-04 10:42:18.866164 - Found PARMEXEC.txt (text/plain) in CBT.V508.FILE497.PDS, moved to PDS/PARMEXEC
2025-04-04 10:42:18.866442 - Found RET.txt (text/plain) in CBT.V508.FILE497.PDS, moved to PDS/RET
2025-04-04 10:42:18.866579 - Found SETAD.txt (text/plain) in CBT.V508.FILE497.PDS, moved to PDS/SETAD
2025-04-04 10:42:18.866718 - Found SPLIT.txt (text/plain) in CBT.V508.FILE497.PDS, moved to PDS/SPLIT
2025-04-04 10:42:18.866849 - Found STBST.txt (text/plain) in CBT.V508.FILE497.PDS, moved to PDS/STBST
2025-04-04 10:42:18.866989 - Found STSTB.txt (text/plain) in CBT.V508.FILE497.PDS, moved to PDS/STSTB
2025-04-04 10:42:18.867108 - Found SYSGBL.txt (text/plain) in CBT.V508.FILE497.PDS, moved to PDS/SYSGBL
